<?xml version="1.0" encoding="UTF-8"?>
<!-- Generated by org.testng.reporters.JUnitXMLReporter -->
<testsuite ignored="0" hostname="Hithesh" failures="1" tests="1" name="Test" time="0.098" errors="0" timestamp="2025-07-27T12:22:58 IST">
  <testcase classname="com.naukri.testscript.Naukri" name="test" time="0.013">
    <failure type="java.lang.Error" message="Unresolved compilation problem: 
	The constructor WebDriverWait(WebDriver, Duration) is undefined
">
      <![CDATA[java.lang.Error: Unresolved compilation problem: 
The constructor WebDriverWait(WebDriver, Duration) is undefined

at com.naukri.testscript.Naukri.test(Naukri.java:80)
at java.base/java.util.ArrayList.forEach(ArrayList.java:1596)
... Removed 25 stack frames]]>
    </failure>
  </testcase> <!-- test -->
</testsuite> <!-- Test -->
