<?xml version="1.0" encoding="UTF-8"?>
<testng-results ignored="0" total="1" passed="1" failed="0" skipped="0">
  <reporter-output>
  </reporter-output>
  <suite started-at="2022-12-28T00:09:52 IST" name="Default suite" finished-at="2022-12-28T00:10:04 IST" duration-ms="11734">
    <groups>
    </groups>
    <test started-at="2022-12-28T00:09:52 IST" name="Default test" finished-at="2022-12-28T00:10:04 IST" duration-ms="11734">
      <class name="com.naukri.testscript.Naukri">
        <test-method signature="Test()[pri:0, instance:com.naukri.testscript.Naukri@636be97c]" started-at="2022-12-28T00:09:52 IST" name="Test" finished-at="2022-12-28T00:10:04 IST" duration-ms="11696" status="PASS">
          <reporter-output>
          </reporter-output>
        </test-method> <!-- Test -->
      </class> <!-- com.naukri.testscript.Naukri -->
    </test> <!-- Default test -->
  </suite> <!-- Default suite -->
</testng-results>
